2020-04-10 10:43:36,669 INFO o.s.b.StartupInfoLogger [main] Starting P5AlertsApplication on PO480126VW7JAV with PID 5728 (C:\Users\S063912\git\p5_alerts\target\classes started by S063912 in C:\Users\S063912\git\p5_alerts)
2020-04-10 10:43:36,683 INFO o.s.b.SpringApplication [main] No active profile set, falling back to default profiles: default
2020-04-10 10:43:38,744 INFO o.s.b.w.e.t.TomcatWebServer [main] Tomcat initialized with port(s): 8045 (http)
2020-04-10 10:43:38,758 INFO o.a.j.l.DirectJDKLog [main] Initializing ProtocolHandler ["http-nio-8045"]
2020-04-10 10:43:38,758 INFO o.a.j.l.DirectJDKLog [main] Starting service [Tomcat]
2020-04-10 10:43:38,772 INFO o.a.j.l.DirectJDKLog [main] Starting Servlet engine: [Apache Tomcat/9.0.31]
2020-04-10 10:43:38,925 INFO o.a.j.l.DirectJDKLog [main] Initializing Spring embedded WebApplicationContext
2020-04-10 10:43:38,925 INFO o.s.b.w.s.c.ServletWebServerApplicationContext [main] Root WebApplicationContext: initialization completed in 1796 ms
2020-04-10 10:43:39,566 INFO o.s.s.c.ExecutorConfigurationSupport [main] Initializing ExecutorService 'applicationTaskExecutor'
2020-04-10 10:43:40,067 WARN o.s.b.a.g.t.GroovyTemplateAutoConfiguration$GroovyMarkupConfiguration [main] Cannot find template location: classpath:/templates/ (please add some templates, check your Groovy configuration, or set spring.groovy.template.check-template-location=false)
2020-04-10 10:43:40,875 INFO o.a.j.l.DirectJDKLog [main] Starting ProtocolHandler ["http-nio-8045"]
2020-04-10 10:43:40,917 INFO o.s.b.w.e.t.TomcatWebServer [main] Tomcat started on port(s): 8045 (http) with context path ''
2020-04-10 10:43:41,070 INFO o.s.b.w.e.t.TomcatWebServer [main] Tomcat initialized with port(s): 8046 (http)
2020-04-10 10:43:41,070 INFO o.a.j.l.DirectJDKLog [main] Initializing ProtocolHandler ["http-nio-8046"]
2020-04-10 10:43:41,070 INFO o.a.j.l.DirectJDKLog [main] Starting service [Tomcat]
2020-04-10 10:43:41,070 INFO o.a.j.l.DirectJDKLog [main] Starting Servlet engine: [Apache Tomcat/9.0.31]
2020-04-10 10:43:41,129 INFO o.a.j.l.DirectJDKLog [main] Initializing Spring embedded WebApplicationContext
2020-04-10 10:43:41,129 INFO o.s.b.w.s.c.ServletWebServerApplicationContext [main] Root WebApplicationContext: initialization completed in 198 ms
2020-04-10 10:43:41,171 INFO o.s.b.a.e.w.EndpointLinksResolver [main] Exposing 14 endpoint(s) beneath base path '/actuator'
2020-04-10 10:43:41,241 INFO o.a.j.l.DirectJDKLog [main] Starting ProtocolHandler ["http-nio-8046"]
2020-04-10 10:43:41,269 INFO o.s.b.w.e.t.TomcatWebServer [main] Tomcat started on port(s): 8046 (http) with context path ''
2020-04-10 10:43:41,269 INFO o.s.b.StartupInfoLogger [main] Started P5AlertsApplication in 5.695 seconds (JVM running for 8.386)
2020-04-10 10:43:41,269 INFO c.s.p.s.DataServiceImpl [main] loadData : debut / filename /  pathFile : /data.json/data.json
2020-04-10 10:43:41,297 INFO o.a.j.l.DirectJDKLog [RMI TCP Connection(3)-127.0.0.1] Initializing Spring DispatcherServlet 'dispatcherServlet'
2020-04-10 10:43:41,297 INFO o.s.w.s.FrameworkServlet [RMI TCP Connection(3)-127.0.0.1] Initializing Servlet 'dispatcherServlet'
2020-04-10 10:43:41,297 INFO o.s.w.s.FrameworkServlet [RMI TCP Connection(3)-127.0.0.1] Completed initialization in 0 ms
2020-04-10 10:43:41,366 INFO c.s.p.s.DataServiceImpl [main] loadData / persons:23 / firestations:13 / medicalrecords:23
2020-04-10 10:43:41,366 INFO c.s.p.s.DataServiceImpl [main] loadData / personDao:23 / fireStationDao:13 / medicalRecordDao:23
2020-04-10 10:43:52,432 INFO c.s.p.s.MainServiceImpl [http-nio-8045-exec-1] floodStations : Households & Persons infos for a firestations list
2020-04-10 10:44:24,969 INFO o.a.j.l.DirectJDKLog [http-nio-8046-exec-3] Initializing Spring DispatcherServlet 'dispatcherServlet'
2020-04-10 10:44:24,970 INFO o.s.w.s.FrameworkServlet [http-nio-8046-exec-3] Initializing Servlet 'dispatcherServlet'
2020-04-10 10:44:24,998 INFO o.s.w.s.FrameworkServlet [http-nio-8046-exec-3] Completed initialization in 26 ms
