2020-04-10 12:02:45,972 INFO o.s.b.StartupInfoLogger [main] Starting P5AlertsApplication on PO480126VW7JAV with PID 3732 (C:\Users\S063912\git\p5_alerts\target\classes started by S063912 in C:\Users\S063912\git\p5_alerts)
2020-04-10 12:02:45,987 INFO o.s.b.SpringApplication [main] No active profile set, falling back to default profiles: default
2020-04-10 12:02:47,303 INFO o.s.b.w.e.t.TomcatWebServer [main] Tomcat initialized with port(s): 8045 (http)
2020-04-10 12:02:47,319 INFO o.a.j.l.DirectJDKLog [main] Initializing ProtocolHandler ["http-nio-8045"]
2020-04-10 12:02:47,319 INFO o.a.j.l.DirectJDKLog [main] Starting service [Tomcat]
2020-04-10 12:02:47,319 INFO o.a.j.l.DirectJDKLog [main] Starting Servlet engine: [Apache Tomcat/9.0.31]
2020-04-10 12:02:47,426 INFO o.a.j.l.DirectJDKLog [main] Initializing Spring embedded WebApplicationContext
2020-04-10 12:02:47,426 INFO o.s.b.w.s.c.ServletWebServerApplicationContext [main] Root WebApplicationContext: initialization completed in 1220 ms
2020-04-10 12:02:47,786 INFO o.s.s.c.ExecutorConfigurationSupport [main] Initializing ExecutorService 'applicationTaskExecutor'
2020-04-10 12:02:48,103 WARN o.s.b.a.g.t.GroovyTemplateAutoConfiguration$GroovyMarkupConfiguration [main] Cannot find template location: classpath:/templates/ (please add some templates, check your Groovy configuration, or set spring.groovy.template.check-template-location=false)
2020-04-10 12:02:48,641 INFO o.a.j.l.DirectJDKLog [main] Starting ProtocolHandler ["http-nio-8045"]
2020-04-10 12:02:48,657 INFO o.s.b.w.e.t.TomcatWebServer [main] Tomcat started on port(s): 8045 (http) with context path ''
2020-04-10 12:02:48,755 INFO o.s.b.w.e.t.TomcatWebServer [main] Tomcat initialized with port(s): 8046 (http)
2020-04-10 12:02:48,755 INFO o.a.j.l.DirectJDKLog [main] Initializing ProtocolHandler ["http-nio-8046"]
2020-04-10 12:02:48,755 INFO o.a.j.l.DirectJDKLog [main] Starting service [Tomcat]
2020-04-10 12:02:48,755 INFO o.a.j.l.DirectJDKLog [main] Starting Servlet engine: [Apache Tomcat/9.0.31]
2020-04-10 12:02:48,785 INFO o.a.j.l.DirectJDKLog [main] Initializing Spring embedded WebApplicationContext
2020-04-10 12:02:48,785 INFO o.s.b.w.s.c.ServletWebServerApplicationContext [main] Root WebApplicationContext: initialization completed in 128 ms
2020-04-10 12:02:48,785 INFO o.s.b.a.e.w.EndpointLinksResolver [main] Exposing 14 endpoint(s) beneath base path '/actuator'
2020-04-10 12:02:48,846 INFO o.a.j.l.DirectJDKLog [main] Starting ProtocolHandler ["http-nio-8046"]
2020-04-10 12:02:48,846 INFO o.s.b.w.e.t.TomcatWebServer [main] Tomcat started on port(s): 8046 (http) with context path ''
2020-04-10 12:02:48,846 INFO o.s.b.StartupInfoLogger [main] Started P5AlertsApplication in 3.343 seconds (JVM running for 4.656)
2020-04-10 12:02:48,846 INFO c.s.p.s.DataServiceImpl [main] loadData : debut / filename /  pathFile : /data.json/data.json
2020-04-10 12:02:48,907 INFO c.s.p.s.DataServiceImpl [main] loadData / persons:23 / firestations:13 / medicalrecords:23
2020-04-10 12:02:48,907 INFO c.s.p.s.DataServiceImpl [main] loadData / personDao:23 / fireStationDao:13 / medicalRecordDao:23
2020-04-10 12:02:49,817 INFO o.a.j.l.DirectJDKLog [RMI TCP Connection(3)-127.0.0.1] Initializing Spring DispatcherServlet 'dispatcherServlet'
2020-04-10 12:02:49,817 INFO o.s.w.s.FrameworkServlet [RMI TCP Connection(3)-127.0.0.1] Initializing Servlet 'dispatcherServlet'
2020-04-10 12:02:49,832 INFO o.s.w.s.FrameworkServlet [RMI TCP Connection(3)-127.0.0.1] Completed initialization in 15 ms
2020-04-10 12:09:19,606 WARN o.s.w.s.m.m.a.ResponseEntityExceptionHandler [http-nio-8045-exec-2] Request method 'GET' not supported
2020-04-10 12:10:10,855 WARN o.s.w.s.m.m.a.ResponseEntityExceptionHandler [http-nio-8045-exec-3] Request method 'POST' not supported
2020-04-10 12:14:13,493 WARN o.s.w.s.m.m.a.ResponseEntityExceptionHandler [http-nio-8045-exec-9] Request method 'DELETE' not supported
