2020-04-10 12:20:47,089 INFO o.s.t.c.s.AbstractTestContextBootstrapper [main] Neither @ContextConfiguration nor @ContextHierarchy found for test class [com.safetynet.p5_alerts.controller.FireStationControllerTest], using SpringBootContextLoader
2020-04-10 12:20:47,100 INFO o.s.t.c.s.AbstractContextLoader [main] Could not detect default resource locations for test class [com.safetynet.p5_alerts.controller.FireStationControllerTest]: no resource found for suffixes {-context.xml, Context.groovy}.
2020-04-10 12:20:47,111 INFO o.s.t.c.s.AnnotationConfigContextLoaderUtils [main] Could not detect default configuration classes for test class [com.safetynet.p5_alerts.controller.FireStationControllerTest]: FireStationControllerTest does not declare any static, non-private, non-final, nested classes annotated with @Configuration.
2020-04-10 12:20:47,387 INFO o.s.b.t.c.SpringBootTestContextBootstrapper [main] Found @SpringBootConfiguration com.safetynet.p5_alerts.P5AlertsApplication for test class com.safetynet.p5_alerts.controller.FireStationControllerTest
2020-04-10 12:20:47,514 INFO o.s.t.c.s.AbstractTestContextBootstrapper [main] Loaded default TestExecutionListener class names from location [META-INF/spring.factories]: [org.springframework.boot.test.mock.mockito.MockitoTestExecutionListener, org.springframework.boot.test.mock.mockito.ResetMocksTestExecutionListener, org.springframework.boot.test.autoconfigure.restdocs.RestDocsTestExecutionListener, org.springframework.boot.test.autoconfigure.web.client.MockRestServiceServerResetTestExecutionListener, org.springframework.boot.test.autoconfigure.web.servlet.MockMvcPrintOnlyOnFailureTestExecutionListener, org.springframework.boot.test.autoconfigure.web.servlet.WebDriverTestExecutionListener, org.springframework.test.context.web.ServletTestExecutionListener, org.springframework.test.context.support.DirtiesContextBeforeModesTestExecutionListener, org.springframework.test.context.support.DependencyInjectionTestExecutionListener, org.springframework.test.context.support.DirtiesContextTestExecutionListener, org.springframework.test.context.transaction.TransactionalTestExecutionListener, org.springframework.test.context.jdbc.SqlScriptsTestExecutionListener, org.springframework.test.context.event.EventPublishingTestExecutionListener]
2020-04-10 12:20:47,536 INFO o.s.t.c.s.AbstractTestContextBootstrapper [main] Using TestExecutionListeners: [org.springframework.test.context.web.ServletTestExecutionListener@59043128, org.springframework.test.context.support.DirtiesContextBeforeModesTestExecutionListener@642334d6, org.springframework.boot.test.mock.mockito.MockitoTestExecutionListener@6f2b608e, org.springframework.boot.test.autoconfigure.SpringBootDependencyInjectionTestExecutionListener@7c55e559, org.springframework.test.context.support.DirtiesContextTestExecutionListener@420068a, org.springframework.test.context.event.EventPublishingTestExecutionListener@79d8075c, org.springframework.boot.test.mock.mockito.ResetMocksTestExecutionListener@4d4337f9, org.springframework.boot.test.autoconfigure.restdocs.RestDocsTestExecutionListener@1e6f7c25, org.springframework.boot.test.autoconfigure.web.client.MockRestServiceServerResetTestExecutionListener@1a7f2d34, org.springframework.boot.test.autoconfigure.web.servlet.MockMvcPrintOnlyOnFailureTestExecutionListener@23243bc0, org.springframework.boot.test.autoconfigure.web.servlet.WebDriverTestExecutionListener@770c3ca2]
2020-04-10 12:20:47,982 INFO o.s.b.StartupInfoLogger [main] Starting FireStationControllerTest on PO480126VW7JAV with PID 8076 (started by S063912 in C:\Users\S063912\git\p5_alerts)
2020-04-10 12:20:47,993 INFO o.s.b.SpringApplication [main] No active profile set, falling back to default profiles: default
2020-04-10 12:20:50,532 INFO o.s.s.c.ExecutorConfigurationSupport [main] Initializing ExecutorService 'applicationTaskExecutor'
2020-04-10 12:20:51,075 WARN o.s.b.a.g.t.GroovyTemplateAutoConfiguration$GroovyMarkupConfiguration [main] Cannot find template location: classpath:/templates/ (please add some templates, check your Groovy configuration, or set spring.groovy.template.check-template-location=false)
2020-04-10 12:20:51,791 INFO o.s.m.w.MockServletContext [main] Initializing Spring TestDispatcherServlet ''
2020-04-10 12:20:51,791 INFO o.s.w.s.FrameworkServlet [main] Initializing Servlet ''
2020-04-10 12:20:51,813 INFO o.s.b.a.e.w.EndpointLinksResolver [main] Exposing 2 endpoint(s) beneath base path '/actuator'
2020-04-10 12:20:51,858 INFO o.s.w.s.FrameworkServlet [main] Completed initialization in 67 ms
2020-04-10 12:20:51,936 INFO o.s.b.StartupInfoLogger [main] Started FireStationControllerTest in 5.959 seconds (JVM running for 10.291)
2020-04-10 12:20:51,947 INFO c.s.p.s.DataServiceImpl [main] loadData : debut / filename /  pathFile : /data_test.json/data_test.json
2020-04-10 12:20:52,048 INFO c.s.p.s.DataServiceImpl [main] loadData / persons:23 / firestations:13 / medicalrecords:23
2020-04-10 12:20:52,048 INFO c.s.p.s.DataServiceImpl [main] loadData / personDao:23 / fireStationDao:13 / medicalRecordDao:23
2020-04-10 12:20:52,702 ERROR c.s.p.c.FireStationController [main] Address and Station are mandatory
2020-04-10 12:20:52,846 ERROR c.s.p.c.FireStationController [main] Address OR Station are mandatory
2020-04-10 12:20:52,891 INFO o.s.t.c.s.AbstractTestContextBootstrapper [main] Neither @ContextConfiguration nor @ContextHierarchy found for test class [com.safetynet.p5_alerts.controller.MainControllerTest], using SpringBootContextLoader
2020-04-10 12:20:52,902 INFO o.s.t.c.s.AbstractContextLoader [main] Could not detect default resource locations for test class [com.safetynet.p5_alerts.controller.MainControllerTest]: no resource found for suffixes {-context.xml, Context.groovy}.
2020-04-10 12:20:52,902 INFO o.s.t.c.s.AnnotationConfigContextLoaderUtils [main] Could not detect default configuration classes for test class [com.safetynet.p5_alerts.controller.MainControllerTest]: MainControllerTest does not declare any static, non-private, non-final, nested classes annotated with @Configuration.
2020-04-10 12:20:52,902 INFO o.s.b.t.c.SpringBootTestContextBootstrapper [main] Found @SpringBootConfiguration com.safetynet.p5_alerts.P5AlertsApplication for test class com.safetynet.p5_alerts.controller.MainControllerTest
2020-04-10 12:20:52,913 INFO o.s.t.c.s.AbstractTestContextBootstrapper [main] Loaded default TestExecutionListener class names from location [META-INF/spring.factories]: [org.springframework.boot.test.mock.mockito.MockitoTestExecutionListener, org.springframework.boot.test.mock.mockito.ResetMocksTestExecutionListener, org.springframework.boot.test.autoconfigure.restdocs.RestDocsTestExecutionListener, org.springframework.boot.test.autoconfigure.web.client.MockRestServiceServerResetTestExecutionListener, org.springframework.boot.test.autoconfigure.web.servlet.MockMvcPrintOnlyOnFailureTestExecutionListener, org.springframework.boot.test.autoconfigure.web.servlet.WebDriverTestExecutionListener, org.springframework.test.context.web.ServletTestExecutionListener, org.springframework.test.context.support.DirtiesContextBeforeModesTestExecutionListener, org.springframework.test.context.support.DependencyInjectionTestExecutionListener, org.springframework.test.context.support.DirtiesContextTestExecutionListener, org.springframework.test.context.transaction.TransactionalTestExecutionListener, org.springframework.test.context.jdbc.SqlScriptsTestExecutionListener, org.springframework.test.context.event.EventPublishingTestExecutionListener]
2020-04-10 12:20:52,913 INFO o.s.t.c.s.AbstractTestContextBootstrapper [main] Using TestExecutionListeners: [org.springframework.test.context.web.ServletTestExecutionListener@3c69b6b5, org.springframework.test.context.support.DirtiesContextBeforeModesTestExecutionListener@1c8144b0, org.springframework.boot.test.mock.mockito.MockitoTestExecutionListener@2790c751, org.springframework.boot.test.autoconfigure.SpringBootDependencyInjectionTestExecutionListener@647df506, org.springframework.test.context.support.DirtiesContextTestExecutionListener@15d02b22, org.springframework.test.context.event.EventPublishingTestExecutionListener@36259ec, org.springframework.boot.test.mock.mockito.ResetMocksTestExecutionListener@22e9ac9e, org.springframework.boot.test.autoconfigure.restdocs.RestDocsTestExecutionListener@2937a800, org.springframework.boot.test.autoconfigure.web.client.MockRestServiceServerResetTestExecutionListener@3daa0f3f, org.springframework.boot.test.autoconfigure.web.servlet.MockMvcPrintOnlyOnFailureTestExecutionListener@2c968c5f, org.springframework.boot.test.autoconfigure.web.servlet.WebDriverTestExecutionListener@43f4580f]
2020-04-10 12:20:53,015 ERROR c.s.p.c.MainController [main] phoneAlert : The parameter stationNumber must be set
2020-04-10 12:20:53,026 ERROR c.s.p.c.MainController [main] phoneAlert : The parameter stationNumber must be set
2020-04-10 12:20:53,037 ERROR c.s.p.c.MainController [main] floodStations : The parameter stations must be set
2020-04-10 12:20:53,048 ERROR c.s.p.c.MainController [main] childAlert : The parameter address must be set
2020-04-10 12:20:53,059 ERROR c.s.p.c.MainController [main] personInfo : he parameters lastName and firstName must be set
2020-04-10 12:20:53,093 ERROR c.s.p.c.MainController [main] firestationPerson : The parameter stationNumber must be set
2020-04-10 12:20:53,104 INFO c.s.p.s.MainServiceImpl [main] floodStations : Households & Persons infos for a firestations list
2020-04-10 12:20:53,152 INFO o.s.t.c.s.AbstractTestContextBootstrapper [main] Neither @ContextConfiguration nor @ContextHierarchy found for test class [com.safetynet.p5_alerts.controller.MedicalRecordTest], using SpringBootContextLoader
2020-04-10 12:20:53,152 INFO o.s.t.c.s.AbstractContextLoader [main] Could not detect default resource locations for test class [com.safetynet.p5_alerts.controller.MedicalRecordTest]: no resource found for suffixes {-context.xml, Context.groovy}.
2020-04-10 12:20:53,152 INFO o.s.t.c.s.AnnotationConfigContextLoaderUtils [main] Could not detect default configuration classes for test class [com.safetynet.p5_alerts.controller.MedicalRecordTest]: MedicalRecordTest does not declare any static, non-private, non-final, nested classes annotated with @Configuration.
2020-04-10 12:20:53,152 INFO o.s.b.t.c.SpringBootTestContextBootstrapper [main] Found @SpringBootConfiguration com.safetynet.p5_alerts.P5AlertsApplication for test class com.safetynet.p5_alerts.controller.MedicalRecordTest
2020-04-10 12:20:53,163 INFO o.s.t.c.s.AbstractTestContextBootstrapper [main] Loaded default TestExecutionListener class names from location [META-INF/spring.factories]: [org.springframework.boot.test.mock.mockito.MockitoTestExecutionListener, org.springframework.boot.test.mock.mockito.ResetMocksTestExecutionListener, org.springframework.boot.test.autoconfigure.restdocs.RestDocsTestExecutionListener, org.springframework.boot.test.autoconfigure.web.client.MockRestServiceServerResetTestExecutionListener, org.springframework.boot.test.autoconfigure.web.servlet.MockMvcPrintOnlyOnFailureTestExecutionListener, org.springframework.boot.test.autoconfigure.web.servlet.WebDriverTestExecutionListener, org.springframework.test.context.web.ServletTestExecutionListener, org.springframework.test.context.support.DirtiesContextBeforeModesTestExecutionListener, org.springframework.test.context.support.DependencyInjectionTestExecutionListener, org.springframework.test.context.support.DirtiesContextTestExecutionListener, org.springframework.test.context.transaction.TransactionalTestExecutionListener, org.springframework.test.context.jdbc.SqlScriptsTestExecutionListener, org.springframework.test.context.event.EventPublishingTestExecutionListener]
2020-04-10 12:20:53,163 INFO o.s.t.c.s.AbstractTestContextBootstrapper [main] Using TestExecutionListeners: [org.springframework.test.context.web.ServletTestExecutionListener@53f553cc, org.springframework.test.context.support.DirtiesContextBeforeModesTestExecutionListener@68d272c7, org.springframework.boot.test.mock.mockito.MockitoTestExecutionListener@3d89d34e, org.springframework.boot.test.autoconfigure.SpringBootDependencyInjectionTestExecutionListener@21e5ce58, org.springframework.test.context.support.DirtiesContextTestExecutionListener@5877829b, org.springframework.test.context.event.EventPublishingTestExecutionListener@23488718, org.springframework.boot.test.mock.mockito.ResetMocksTestExecutionListener@5028339c, org.springframework.boot.test.autoconfigure.restdocs.RestDocsTestExecutionListener@5f30a0cf, org.springframework.boot.test.autoconfigure.web.client.MockRestServiceServerResetTestExecutionListener@3bb782e8, org.springframework.boot.test.autoconfigure.web.servlet.MockMvcPrintOnlyOnFailureTestExecutionListener@5ca0b2c1, org.springframework.boot.test.autoconfigure.web.servlet.WebDriverTestExecutionListener@4d05de1a]
2020-04-10 12:20:53,240 ERROR c.s.p.c.MedicalRecordController [main] MedicalRecordController : Firstname and Lastname are mandatory
2020-04-10 12:20:53,274 INFO o.s.t.c.s.AbstractTestContextBootstrapper [main] Neither @ContextConfiguration nor @ContextHierarchy found for test class [com.safetynet.p5_alerts.controller.PersonControllerTest], using SpringBootContextLoader
2020-04-10 12:20:53,274 INFO o.s.t.c.s.AbstractContextLoader [main] Could not detect default resource locations for test class [com.safetynet.p5_alerts.controller.PersonControllerTest]: no resource found for suffixes {-context.xml, Context.groovy}.
2020-04-10 12:20:53,274 INFO o.s.t.c.s.AnnotationConfigContextLoaderUtils [main] Could not detect default configuration classes for test class [com.safetynet.p5_alerts.controller.PersonControllerTest]: PersonControllerTest does not declare any static, non-private, non-final, nested classes annotated with @Configuration.
2020-04-10 12:20:53,285 INFO o.s.b.t.c.SpringBootTestContextBootstrapper [main] Found @SpringBootConfiguration com.safetynet.p5_alerts.P5AlertsApplication for test class com.safetynet.p5_alerts.controller.PersonControllerTest
2020-04-10 12:20:53,296 INFO o.s.t.c.s.AbstractTestContextBootstrapper [main] Loaded default TestExecutionListener class names from location [META-INF/spring.factories]: [org.springframework.boot.test.mock.mockito.MockitoTestExecutionListener, org.springframework.boot.test.mock.mockito.ResetMocksTestExecutionListener, org.springframework.boot.test.autoconfigure.restdocs.RestDocsTestExecutionListener, org.springframework.boot.test.autoconfigure.web.client.MockRestServiceServerResetTestExecutionListener, org.springframework.boot.test.autoconfigure.web.servlet.MockMvcPrintOnlyOnFailureTestExecutionListener, org.springframework.boot.test.autoconfigure.web.servlet.WebDriverTestExecutionListener, org.springframework.test.context.web.ServletTestExecutionListener, org.springframework.test.context.support.DirtiesContextBeforeModesTestExecutionListener, org.springframework.test.context.support.DependencyInjectionTestExecutionListener, org.springframework.test.context.support.DirtiesContextTestExecutionListener, org.springframework.test.context.transaction.TransactionalTestExecutionListener, org.springframework.test.context.jdbc.SqlScriptsTestExecutionListener, org.springframework.test.context.event.EventPublishingTestExecutionListener]
2020-04-10 12:20:53,296 INFO o.s.t.c.s.AbstractTestContextBootstrapper [main] Using TestExecutionListeners: [org.springframework.test.context.web.ServletTestExecutionListener@35f229c9, org.springframework.test.context.support.DirtiesContextBeforeModesTestExecutionListener@7e7c3f0, org.springframework.boot.test.mock.mockito.MockitoTestExecutionListener@1456519e, org.springframework.boot.test.autoconfigure.SpringBootDependencyInjectionTestExecutionListener@2e062494, org.springframework.test.context.support.DirtiesContextTestExecutionListener@a1eecfc, org.springframework.test.context.event.EventPublishingTestExecutionListener@335f560c, org.springframework.boot.test.mock.mockito.ResetMocksTestExecutionListener@15a33b58, org.springframework.boot.test.autoconfigure.restdocs.RestDocsTestExecutionListener@a1e8ffc, org.springframework.boot.test.autoconfigure.web.client.MockRestServiceServerResetTestExecutionListener@779afb4f, org.springframework.boot.test.autoconfigure.web.servlet.MockMvcPrintOnlyOnFailureTestExecutionListener@3e3c3c86, org.springframework.boot.test.autoconfigure.web.servlet.WebDriverTestExecutionListener@32c9a9e2]
2020-04-10 12:20:53,315 ERROR c.s.p.c.PersonController [main] PersonController : Firstname and Lastname are mandatory
2020-04-10 12:20:53,375 INFO o.s.t.c.s.AbstractTestContextBootstrapper [main] Neither @ContextConfiguration nor @ContextHierarchy found for test class [com.safetynet.p5_alerts.dao.FireStationDaoIntgTest], using SpringBootContextLoader
2020-04-10 12:20:53,375 INFO o.s.t.c.s.AbstractContextLoader [main] Could not detect default resource locations for test class [com.safetynet.p5_alerts.dao.FireStationDaoIntgTest]: no resource found for suffixes {-context.xml, Context.groovy}.
2020-04-10 12:20:53,375 INFO o.s.t.c.s.AnnotationConfigContextLoaderUtils [main] Could not detect default configuration classes for test class [com.safetynet.p5_alerts.dao.FireStationDaoIntgTest]: FireStationDaoIntgTest does not declare any static, non-private, non-final, nested classes annotated with @Configuration.
2020-04-10 12:20:53,408 INFO o.s.b.t.c.SpringBootTestContextBootstrapper [main] Found @SpringBootConfiguration com.safetynet.p5_alerts.P5AlertsApplication for test class com.safetynet.p5_alerts.dao.FireStationDaoIntgTest
2020-04-10 12:20:53,408 INFO o.s.t.c.s.AbstractTestContextBootstrapper [main] Loaded default TestExecutionListener class names from location [META-INF/spring.factories]: [org.springframework.boot.test.mock.mockito.MockitoTestExecutionListener, org.springframework.boot.test.mock.mockito.ResetMocksTestExecutionListener, org.springframework.boot.test.autoconfigure.restdocs.RestDocsTestExecutionListener, org.springframework.boot.test.autoconfigure.web.client.MockRestServiceServerResetTestExecutionListener, org.springframework.boot.test.autoconfigure.web.servlet.MockMvcPrintOnlyOnFailureTestExecutionListener, org.springframework.boot.test.autoconfigure.web.servlet.WebDriverTestExecutionListener, org.springframework.test.context.web.ServletTestExecutionListener, org.springframework.test.context.support.DirtiesContextBeforeModesTestExecutionListener, org.springframework.test.context.support.DependencyInjectionTestExecutionListener, org.springframework.test.context.support.DirtiesContextTestExecutionListener, org.springframework.test.context.transaction.TransactionalTestExecutionListener, org.springframework.test.context.jdbc.SqlScriptsTestExecutionListener, org.springframework.test.context.event.EventPublishingTestExecutionListener]
2020-04-10 12:20:53,408 INFO o.s.t.c.s.AbstractTestContextBootstrapper [main] Using TestExecutionListeners: [org.springframework.test.context.web.ServletTestExecutionListener@5cda3a68, org.springframework.test.context.support.DirtiesContextBeforeModesTestExecutionListener@1890fbb8, org.springframework.boot.test.mock.mockito.MockitoTestExecutionListener@1426a699, org.springframework.boot.test.autoconfigure.SpringBootDependencyInjectionTestExecutionListener@42ba4ff0, org.springframework.test.context.support.DirtiesContextTestExecutionListener@4f3e34b5, org.springframework.test.context.event.EventPublishingTestExecutionListener@506c5bd1, org.springframework.boot.test.mock.mockito.ResetMocksTestExecutionListener@71df3d2b, org.springframework.boot.test.autoconfigure.restdocs.RestDocsTestExecutionListener@618a392f, org.springframework.boot.test.autoconfigure.web.client.MockRestServiceServerResetTestExecutionListener@5f2f2237, org.springframework.boot.test.autoconfigure.web.servlet.MockMvcPrintOnlyOnFailureTestExecutionListener@6d2f58d0, org.springframework.boot.test.autoconfigure.web.servlet.WebDriverTestExecutionListener@6591063b]
2020-04-10 12:20:53,519 INFO o.s.b.StartupInfoLogger [main] Starting FireStationDaoIntgTest on PO480126VW7JAV with PID 8076 (started by S063912 in C:\Users\S063912\git\p5_alerts)
2020-04-10 12:20:53,519 INFO o.s.b.SpringApplication [main] No active profile set, falling back to default profiles: default
2020-04-10 12:20:54,334 INFO o.s.s.c.ExecutorConfigurationSupport [main] Initializing ExecutorService 'applicationTaskExecutor'
2020-04-10 12:20:54,978 WARN o.s.b.a.g.t.GroovyTemplateAutoConfiguration$GroovyMarkupConfiguration [main] Cannot find template location: classpath:/templates/ (please add some templates, check your Groovy configuration, or set spring.groovy.template.check-template-location=false)
2020-04-10 12:20:55,056 INFO o.s.b.a.e.w.EndpointLinksResolver [main] Exposing 2 endpoint(s) beneath base path '/actuator'
2020-04-10 12:20:55,197 INFO o.s.b.StartupInfoLogger [main] Started FireStationDaoIntgTest in 1.951 seconds (JVM running for 14.3)
2020-04-10 12:20:55,197 INFO c.s.p.s.DataServiceImpl [main] loadData : debut / filename /  pathFile : /data_test.json/data_test.json
2020-04-10 12:20:55,213 INFO c.s.p.s.DataServiceImpl [main] loadData / persons:23 / firestations:13 / medicalrecords:23
2020-04-10 12:20:55,213 INFO c.s.p.s.DataServiceImpl [main] loadData / personDao:23 / fireStationDao:13 / medicalRecordDao:23
2020-04-10 12:20:55,213 INFO c.s.p.s.DataServiceImpl [main] loadData : debut / filename /  pathFile : /data_test.json/data_test.json
2020-04-10 12:20:55,228 INFO c.s.p.s.DataServiceImpl [main] loadData / persons:23 / firestations:13 / medicalrecords:23
2020-04-10 12:20:55,228 INFO c.s.p.s.DataServiceImpl [main] loadData / personDao:23 / fireStationDao:13 / medicalRecordDao:23
2020-04-10 12:20:55,244 INFO c.s.p.s.DataServiceImpl [main] loadData : debut / filename /  pathFile : /data_test.json/data_test.json
2020-04-10 12:20:55,260 INFO c.s.p.s.DataServiceImpl [main] loadData / persons:23 / firestations:13 / medicalrecords:23
2020-04-10 12:20:55,260 INFO c.s.p.s.DataServiceImpl [main] loadData / personDao:23 / fireStationDao:13 / medicalRecordDao:23
2020-04-10 12:20:55,275 INFO c.s.p.s.DataServiceImpl [main] loadData : debut / filename /  pathFile : /data_test.json/data_test.json
2020-04-10 12:20:55,291 INFO c.s.p.s.DataServiceImpl [main] loadData / persons:23 / firestations:13 / medicalrecords:23
2020-04-10 12:20:55,291 INFO c.s.p.s.DataServiceImpl [main] loadData / personDao:23 / fireStationDao:13 / medicalRecordDao:23
2020-04-10 12:20:55,291 INFO c.s.p.s.DataServiceImpl [main] loadData : debut / filename /  pathFile : /data_test.json/data_test.json
2020-04-10 12:20:55,306 INFO c.s.p.s.DataServiceImpl [main] loadData / persons:23 / firestations:13 / medicalrecords:23
2020-04-10 12:20:55,306 INFO c.s.p.s.DataServiceImpl [main] loadData / personDao:23 / fireStationDao:13 / medicalRecordDao:23
2020-04-10 12:20:55,306 INFO c.s.p.s.DataServiceImpl [main] loadData : debut / filename /  pathFile : /data_test.json/data_test.json
2020-04-10 12:20:55,338 INFO c.s.p.s.DataServiceImpl [main] loadData / persons:23 / firestations:13 / medicalrecords:23
2020-04-10 12:20:55,338 INFO c.s.p.s.DataServiceImpl [main] loadData / personDao:23 / fireStationDao:13 / medicalRecordDao:23
2020-04-10 12:20:55,353 INFO c.s.p.s.DataServiceImpl [main] loadData : debut / filename /  pathFile : /data_test.json/data_test.json
2020-04-10 12:20:55,385 INFO c.s.p.s.DataServiceImpl [main] loadData / persons:23 / firestations:13 / medicalrecords:23
2020-04-10 12:20:55,385 INFO c.s.p.s.DataServiceImpl [main] loadData / personDao:23 / fireStationDao:13 / medicalRecordDao:23
2020-04-10 12:20:55,385 INFO c.s.p.s.DataServiceImpl [main] loadData : debut / filename /  pathFile : /data_test.json/data_test.json
2020-04-10 12:20:55,400 INFO c.s.p.s.DataServiceImpl [main] loadData / persons:23 / firestations:13 / medicalrecords:23
2020-04-10 12:20:55,400 INFO c.s.p.s.DataServiceImpl [main] loadData / personDao:23 / fireStationDao:13 / medicalRecordDao:23
2020-04-10 12:20:55,400 INFO o.s.t.c.s.AbstractTestContextBootstrapper [main] Neither @ContextConfiguration nor @ContextHierarchy found for test class [com.safetynet.p5_alerts.dao.MedicalRecordDaoIntgTest], using SpringBootContextLoader
2020-04-10 12:20:55,400 INFO o.s.t.c.s.AbstractContextLoader [main] Could not detect default resource locations for test class [com.safetynet.p5_alerts.dao.MedicalRecordDaoIntgTest]: no resource found for suffixes {-context.xml, Context.groovy}.
2020-04-10 12:20:55,400 INFO o.s.t.c.s.AnnotationConfigContextLoaderUtils [main] Could not detect default configuration classes for test class [com.safetynet.p5_alerts.dao.MedicalRecordDaoIntgTest]: MedicalRecordDaoIntgTest does not declare any static, non-private, non-final, nested classes annotated with @Configuration.
2020-04-10 12:20:55,431 INFO o.s.b.t.c.SpringBootTestContextBootstrapper [main] Found @SpringBootConfiguration com.safetynet.p5_alerts.P5AlertsApplication for test class com.safetynet.p5_alerts.dao.MedicalRecordDaoIntgTest
2020-04-10 12:20:55,447 INFO o.s.t.c.s.AbstractTestContextBootstrapper [main] Loaded default TestExecutionListener class names from location [META-INF/spring.factories]: [org.springframework.boot.test.mock.mockito.MockitoTestExecutionListener, org.springframework.boot.test.mock.mockito.ResetMocksTestExecutionListener, org.springframework.boot.test.autoconfigure.restdocs.RestDocsTestExecutionListener, org.springframework.boot.test.autoconfigure.web.client.MockRestServiceServerResetTestExecutionListener, org.springframework.boot.test.autoconfigure.web.servlet.MockMvcPrintOnlyOnFailureTestExecutionListener, org.springframework.boot.test.autoconfigure.web.servlet.WebDriverTestExecutionListener, org.springframework.test.context.web.ServletTestExecutionListener, org.springframework.test.context.support.DirtiesContextBeforeModesTestExecutionListener, org.springframework.test.context.support.DependencyInjectionTestExecutionListener, org.springframework.test.context.support.DirtiesContextTestExecutionListener, org.springframework.test.context.transaction.TransactionalTestExecutionListener, org.springframework.test.context.jdbc.SqlScriptsTestExecutionListener, org.springframework.test.context.event.EventPublishingTestExecutionListener]
2020-04-10 12:20:55,447 INFO o.s.t.c.s.AbstractTestContextBootstrapper [main] Using TestExecutionListeners: [org.springframework.test.context.web.ServletTestExecutionListener@308e234b, org.springframework.test.context.support.DirtiesContextBeforeModesTestExecutionListener@55e8eeb2, org.springframework.boot.test.mock.mockito.MockitoTestExecutionListener@25e531dd, org.springframework.boot.test.autoconfigure.SpringBootDependencyInjectionTestExecutionListener@71a59597, org.springframework.test.context.support.DirtiesContextTestExecutionListener@30706493, org.springframework.test.context.event.EventPublishingTestExecutionListener@227f9151, org.springframework.boot.test.mock.mockito.ResetMocksTestExecutionListener@2e98271a, org.springframework.boot.test.autoconfigure.restdocs.RestDocsTestExecutionListener@734c1673, org.springframework.boot.test.autoconfigure.web.client.MockRestServiceServerResetTestExecutionListener@402bb075, org.springframework.boot.test.autoconfigure.web.servlet.MockMvcPrintOnlyOnFailureTestExecutionListener@1e005438, org.springframework.boot.test.autoconfigure.web.servlet.WebDriverTestExecutionListener@71cf1015]
2020-04-10 12:20:55,447 INFO c.s.p.s.DataServiceImpl [main] loadData : debut / filename /  pathFile : /data_test.json/data_test.json
2020-04-10 12:20:55,463 INFO c.s.p.s.DataServiceImpl [main] loadData / persons:23 / firestations:13 / medicalrecords:23
2020-04-10 12:20:55,478 INFO c.s.p.s.DataServiceImpl [main] loadData / personDao:23 / fireStationDao:13 / medicalRecordDao:23
2020-04-10 12:20:55,478 INFO c.s.p.s.DataServiceImpl [main] loadData : debut / filename /  pathFile : /data_test.json/data_test.json
2020-04-10 12:20:55,494 INFO c.s.p.s.DataServiceImpl [main] loadData / persons:23 / firestations:13 / medicalrecords:23
2020-04-10 12:20:55,494 INFO c.s.p.s.DataServiceImpl [main] loadData / personDao:23 / fireStationDao:13 / medicalRecordDao:23
2020-04-10 12:20:55,510 INFO c.s.p.s.DataServiceImpl [main] loadData : debut / filename /  pathFile : /data_test.json/data_test.json
2020-04-10 12:20:55,525 INFO c.s.p.s.DataServiceImpl [main] loadData / persons:23 / firestations:13 / medicalrecords:23
2020-04-10 12:20:55,525 INFO c.s.p.s.DataServiceImpl [main] loadData / personDao:23 / fireStationDao:13 / medicalRecordDao:23
2020-04-10 12:20:55,541 INFO c.s.p.s.DataServiceImpl [main] loadData : debut / filename /  pathFile : /data_test.json/data_test.json
2020-04-10 12:20:55,541 INFO c.s.p.s.DataServiceImpl [main] loadData / persons:23 / firestations:13 / medicalrecords:23
2020-04-10 12:20:55,541 INFO c.s.p.s.DataServiceImpl [main] loadData / personDao:23 / fireStationDao:13 / medicalRecordDao:23
2020-04-10 12:20:55,556 INFO c.s.p.s.DataServiceImpl [main] loadData : debut / filename /  pathFile : /data_test.json/data_test.json
2020-04-10 12:20:55,572 INFO c.s.p.s.DataServiceImpl [main] loadData / persons:23 / firestations:13 / medicalrecords:23
2020-04-10 12:20:55,572 INFO c.s.p.s.DataServiceImpl [main] loadData / personDao:23 / fireStationDao:13 / medicalRecordDao:23
2020-04-10 12:20:55,572 INFO o.s.t.c.s.AbstractTestContextBootstrapper [main] Neither @ContextConfiguration nor @ContextHierarchy found for test class [com.safetynet.p5_alerts.dao.PersonDaoIntgTest], using SpringBootContextLoader
2020-04-10 12:20:55,572 INFO o.s.t.c.s.AbstractContextLoader [main] Could not detect default resource locations for test class [com.safetynet.p5_alerts.dao.PersonDaoIntgTest]: no resource found for suffixes {-context.xml, Context.groovy}.
2020-04-10 12:20:55,572 INFO o.s.t.c.s.AnnotationConfigContextLoaderUtils [main] Could not detect default configuration classes for test class [com.safetynet.p5_alerts.dao.PersonDaoIntgTest]: PersonDaoIntgTest does not declare any static, non-private, non-final, nested classes annotated with @Configuration.
2020-04-10 12:20:55,572 INFO o.s.b.t.c.SpringBootTestContextBootstrapper [main] Found @SpringBootConfiguration com.safetynet.p5_alerts.P5AlertsApplication for test class com.safetynet.p5_alerts.dao.PersonDaoIntgTest
2020-04-10 12:20:55,588 INFO o.s.t.c.s.AbstractTestContextBootstrapper [main] Loaded default TestExecutionListener class names from location [META-INF/spring.factories]: [org.springframework.boot.test.mock.mockito.MockitoTestExecutionListener, org.springframework.boot.test.mock.mockito.ResetMocksTestExecutionListener, org.springframework.boot.test.autoconfigure.restdocs.RestDocsTestExecutionListener, org.springframework.boot.test.autoconfigure.web.client.MockRestServiceServerResetTestExecutionListener, org.springframework.boot.test.autoconfigure.web.servlet.MockMvcPrintOnlyOnFailureTestExecutionListener, org.springframework.boot.test.autoconfigure.web.servlet.WebDriverTestExecutionListener, org.springframework.test.context.web.ServletTestExecutionListener, org.springframework.test.context.support.DirtiesContextBeforeModesTestExecutionListener, org.springframework.test.context.support.DependencyInjectionTestExecutionListener, org.springframework.test.context.support.DirtiesContextTestExecutionListener, org.springframework.test.context.transaction.TransactionalTestExecutionListener, org.springframework.test.context.jdbc.SqlScriptsTestExecutionListener, org.springframework.test.context.event.EventPublishingTestExecutionListener]
2020-04-10 12:20:55,588 INFO o.s.t.c.s.AbstractTestContextBootstrapper [main] Using TestExecutionListeners: [org.springframework.test.context.web.ServletTestExecutionListener@3e1469e2, org.springframework.test.context.support.DirtiesContextBeforeModesTestExecutionListener@2d628e22, org.springframework.boot.test.mock.mockito.MockitoTestExecutionListener@5786c476, org.springframework.boot.test.autoconfigure.SpringBootDependencyInjectionTestExecutionListener@4bfadf88, org.springframework.test.context.support.DirtiesContextTestExecutionListener@56bce46c, org.springframework.test.context.event.EventPublishingTestExecutionListener@6f167307, org.springframework.boot.test.mock.mockito.ResetMocksTestExecutionListener@ed2afe7, org.springframework.boot.test.autoconfigure.restdocs.RestDocsTestExecutionListener@13c9372a, org.springframework.boot.test.autoconfigure.web.client.MockRestServiceServerResetTestExecutionListener@22672ebb, org.springframework.boot.test.autoconfigure.web.servlet.MockMvcPrintOnlyOnFailureTestExecutionListener@7e35efbb, org.springframework.boot.test.autoconfigure.web.servlet.WebDriverTestExecutionListener@6503ca0d]
2020-04-10 12:20:55,588 INFO c.s.p.s.DataServiceImpl [main] loadData : debut / filename /  pathFile : /data_test.json/data_test.json
2020-04-10 12:20:55,603 INFO c.s.p.s.DataServiceImpl [main] loadData / persons:23 / firestations:13 / medicalrecords:23
2020-04-10 12:20:55,603 INFO c.s.p.s.DataServiceImpl [main] loadData / personDao:23 / fireStationDao:13 / medicalRecordDao:23
2020-04-10 12:20:55,603 INFO c.s.p.s.DataServiceImpl [main] loadData : debut / filename /  pathFile : /data_test.json/data_test.json
2020-04-10 12:20:55,619 INFO c.s.p.s.DataServiceImpl [main] loadData / persons:23 / firestations:13 / medicalrecords:23
2020-04-10 12:20:55,619 INFO c.s.p.s.DataServiceImpl [main] loadData / personDao:23 / fireStationDao:13 / medicalRecordDao:23
2020-04-10 12:20:55,619 INFO c.s.p.s.DataServiceImpl [main] loadData : debut / filename /  pathFile : /data_test.json/data_test.json
2020-04-10 12:20:55,650 INFO c.s.p.s.DataServiceImpl [main] loadData / persons:23 / firestations:13 / medicalrecords:23
2020-04-10 12:20:55,650 INFO c.s.p.s.DataServiceImpl [main] loadData / personDao:23 / fireStationDao:13 / medicalRecordDao:23
2020-04-10 12:20:55,650 INFO c.s.p.s.DataServiceImpl [main] loadData : debut / filename /  pathFile : /data_test.json/data_test.json
2020-04-10 12:20:55,650 INFO c.s.p.s.DataServiceImpl [main] loadData / persons:23 / firestations:13 / medicalrecords:23
2020-04-10 12:20:55,650 INFO c.s.p.s.DataServiceImpl [main] loadData / personDao:23 / fireStationDao:13 / medicalRecordDao:23
2020-04-10 12:20:55,650 INFO c.s.p.s.DataServiceImpl [main] loadData : debut / filename /  pathFile : /data_test.json/data_test.json
2020-04-10 12:20:55,666 INFO c.s.p.s.DataServiceImpl [main] loadData / persons:23 / firestations:13 / medicalrecords:23
2020-04-10 12:20:55,666 INFO c.s.p.s.DataServiceImpl [main] loadData / personDao:23 / fireStationDao:13 / medicalRecordDao:23
2020-04-10 12:20:55,666 INFO c.s.p.s.DataServiceImpl [main] loadData : debut / filename /  pathFile : /data_test.json/data_test.json
2020-04-10 12:20:55,666 INFO c.s.p.s.DataServiceImpl [main] loadData / persons:23 / firestations:13 / medicalrecords:23
2020-04-10 12:20:55,666 INFO c.s.p.s.DataServiceImpl [main] loadData / personDao:23 / fireStationDao:13 / medicalRecordDao:23
2020-04-10 12:20:55,681 INFO c.s.p.s.DataServiceImpl [main] loadData : debut / filename /  pathFile : /data_test.json/data_test.json
2020-04-10 12:20:55,681 INFO c.s.p.s.DataServiceImpl [main] loadData / persons:23 / firestations:13 / medicalrecords:23
2020-04-10 12:20:55,681 INFO c.s.p.s.DataServiceImpl [main] loadData / personDao:23 / fireStationDao:13 / medicalRecordDao:23
2020-04-10 12:20:55,697 INFO o.s.t.c.s.AbstractContextLoader [main] Could not detect default resource locations for test class [com.safetynet.p5_alerts.service.DataServiceTest]: no resource found for suffixes {-context.xml, Context.groovy}.
2020-04-10 12:20:55,697 INFO o.s.t.c.s.AnnotationConfigContextLoaderUtils [main] Could not detect default configuration classes for test class [com.safetynet.p5_alerts.service.DataServiceTest]: DataServiceTest does not declare any static, non-private, non-final, nested classes annotated with @Configuration.
2020-04-10 12:20:55,728 INFO o.s.b.t.c.SpringBootTestContextBootstrapper [main] Found @SpringBootConfiguration com.safetynet.p5_alerts.P5AlertsApplication for test class com.safetynet.p5_alerts.service.DataServiceTest
2020-04-10 12:20:55,728 INFO o.s.t.c.s.AbstractTestContextBootstrapper [main] Loaded default TestExecutionListener class names from location [META-INF/spring.factories]: [org.springframework.boot.test.mock.mockito.MockitoTestExecutionListener, org.springframework.boot.test.mock.mockito.ResetMocksTestExecutionListener, org.springframework.boot.test.autoconfigure.restdocs.RestDocsTestExecutionListener, org.springframework.boot.test.autoconfigure.web.client.MockRestServiceServerResetTestExecutionListener, org.springframework.boot.test.autoconfigure.web.servlet.MockMvcPrintOnlyOnFailureTestExecutionListener, org.springframework.boot.test.autoconfigure.web.servlet.WebDriverTestExecutionListener, org.springframework.test.context.web.ServletTestExecutionListener, org.springframework.test.context.support.DirtiesContextBeforeModesTestExecutionListener, org.springframework.test.context.support.DependencyInjectionTestExecutionListener, org.springframework.test.context.support.DirtiesContextTestExecutionListener, org.springframework.test.context.transaction.TransactionalTestExecutionListener, org.springframework.test.context.jdbc.SqlScriptsTestExecutionListener, org.springframework.test.context.event.EventPublishingTestExecutionListener]
2020-04-10 12:20:55,728 INFO o.s.t.c.s.AbstractTestContextBootstrapper [main] Using TestExecutionListeners: [org.springframework.test.context.web.ServletTestExecutionListener@498a7b0b, org.springframework.test.context.support.DirtiesContextBeforeModesTestExecutionListener@c0a337d, org.springframework.boot.test.mock.mockito.MockitoTestExecutionListener@2a691c92, org.springframework.boot.test.autoconfigure.SpringBootDependencyInjectionTestExecutionListener@1d7bc28b, org.springframework.test.context.support.DirtiesContextTestExecutionListener@733b00c, org.springframework.test.context.event.EventPublishingTestExecutionListener@5a7ffa4c, org.springframework.boot.test.mock.mockito.ResetMocksTestExecutionListener@3810e01d, org.springframework.boot.test.autoconfigure.restdocs.RestDocsTestExecutionListener@7bbc120e, org.springframework.boot.test.autoconfigure.web.client.MockRestServiceServerResetTestExecutionListener@61956ea5, org.springframework.boot.test.autoconfigure.web.servlet.MockMvcPrintOnlyOnFailureTestExecutionListener@441d5541, org.springframework.boot.test.autoconfigure.web.servlet.WebDriverTestExecutionListener@7bb245d7]
2020-04-10 12:20:55,728 INFO c.s.p.s.DataServiceImpl [main] loadData : debut / filename /  pathFile : /data_test.json/data_test.json
2020-04-10 12:20:55,744 INFO c.s.p.s.DataServiceImpl [main] loadData / persons:23 / firestations:13 / medicalrecords:23
2020-04-10 12:20:55,744 INFO c.s.p.s.DataServiceImpl [main] loadData / personDao:23 / fireStationDao:13 / medicalRecordDao:23
2020-04-10 12:20:55,744 INFO o.s.t.c.s.AbstractContextLoader [main] Could not detect default resource locations for test class [com.safetynet.p5_alerts.service.FireStationServiceIntgTest]: no resource found for suffixes {-context.xml, Context.groovy}.
2020-04-10 12:20:55,744 INFO o.s.t.c.s.AnnotationConfigContextLoaderUtils [main] Could not detect default configuration classes for test class [com.safetynet.p5_alerts.service.FireStationServiceIntgTest]: FireStationServiceIntgTest does not declare any static, non-private, non-final, nested classes annotated with @Configuration.
2020-04-10 12:20:55,760 INFO o.s.b.t.c.SpringBootTestContextBootstrapper [main] Found @SpringBootConfiguration com.safetynet.p5_alerts.P5AlertsApplication for test class com.safetynet.p5_alerts.service.FireStationServiceIntgTest
2020-04-10 12:20:55,760 INFO o.s.t.c.s.AbstractTestContextBootstrapper [main] Loaded default TestExecutionListener class names from location [META-INF/spring.factories]: [org.springframework.boot.test.mock.mockito.MockitoTestExecutionListener, org.springframework.boot.test.mock.mockito.ResetMocksTestExecutionListener, org.springframework.boot.test.autoconfigure.restdocs.RestDocsTestExecutionListener, org.springframework.boot.test.autoconfigure.web.client.MockRestServiceServerResetTestExecutionListener, org.springframework.boot.test.autoconfigure.web.servlet.MockMvcPrintOnlyOnFailureTestExecutionListener, org.springframework.boot.test.autoconfigure.web.servlet.WebDriverTestExecutionListener, org.springframework.test.context.web.ServletTestExecutionListener, org.springframework.test.context.support.DirtiesContextBeforeModesTestExecutionListener, org.springframework.test.context.support.DependencyInjectionTestExecutionListener, org.springframework.test.context.support.DirtiesContextTestExecutionListener, org.springframework.test.context.transaction.TransactionalTestExecutionListener, org.springframework.test.context.jdbc.SqlScriptsTestExecutionListener, org.springframework.test.context.event.EventPublishingTestExecutionListener]
2020-04-10 12:20:55,760 INFO o.s.t.c.s.AbstractTestContextBootstrapper [main] Using TestExecutionListeners: [org.springframework.test.context.web.ServletTestExecutionListener@309b19fb, org.springframework.test.context.support.DirtiesContextBeforeModesTestExecutionListener@56c3d3d8, org.springframework.boot.test.mock.mockito.MockitoTestExecutionListener@2b2f96c9, org.springframework.boot.test.autoconfigure.SpringBootDependencyInjectionTestExecutionListener@3a721bb5, org.springframework.test.context.support.DirtiesContextTestExecutionListener@524e99c1, org.springframework.test.context.event.EventPublishingTestExecutionListener@1adbcd43, org.springframework.boot.test.mock.mockito.ResetMocksTestExecutionListener@4d95890f, org.springframework.boot.test.autoconfigure.restdocs.RestDocsTestExecutionListener@67108cbb, org.springframework.boot.test.autoconfigure.web.client.MockRestServiceServerResetTestExecutionListener@41368109, org.springframework.boot.test.autoconfigure.web.servlet.MockMvcPrintOnlyOnFailureTestExecutionListener@543edb9, org.springframework.boot.test.autoconfigure.web.servlet.WebDriverTestExecutionListener@64ffd1ef]
2020-04-10 12:20:55,791 INFO o.s.t.c.s.AbstractContextLoader [main] Could not detect default resource locations for test class [com.safetynet.p5_alerts.service.MainServiceIntgTest]: no resource found for suffixes {-context.xml, Context.groovy}.
2020-04-10 12:20:55,806 INFO o.s.t.c.s.AnnotationConfigContextLoaderUtils [main] Could not detect default configuration classes for test class [com.safetynet.p5_alerts.service.MainServiceIntgTest]: MainServiceIntgTest does not declare any static, non-private, non-final, nested classes annotated with @Configuration.
2020-04-10 12:20:55,806 INFO o.s.b.t.c.SpringBootTestContextBootstrapper [main] Found @SpringBootConfiguration com.safetynet.p5_alerts.P5AlertsApplication for test class com.safetynet.p5_alerts.service.MainServiceIntgTest
2020-04-10 12:20:55,806 INFO o.s.t.c.s.AbstractTestContextBootstrapper [main] Loaded default TestExecutionListener class names from location [META-INF/spring.factories]: [org.springframework.boot.test.mock.mockito.MockitoTestExecutionListener, org.springframework.boot.test.mock.mockito.ResetMocksTestExecutionListener, org.springframework.boot.test.autoconfigure.restdocs.RestDocsTestExecutionListener, org.springframework.boot.test.autoconfigure.web.client.MockRestServiceServerResetTestExecutionListener, org.springframework.boot.test.autoconfigure.web.servlet.MockMvcPrintOnlyOnFailureTestExecutionListener, org.springframework.boot.test.autoconfigure.web.servlet.WebDriverTestExecutionListener, org.springframework.test.context.web.ServletTestExecutionListener, org.springframework.test.context.support.DirtiesContextBeforeModesTestExecutionListener, org.springframework.test.context.support.DependencyInjectionTestExecutionListener, org.springframework.test.context.support.DirtiesContextTestExecutionListener, org.springframework.test.context.transaction.TransactionalTestExecutionListener, org.springframework.test.context.jdbc.SqlScriptsTestExecutionListener, org.springframework.test.context.event.EventPublishingTestExecutionListener]
2020-04-10 12:20:55,806 INFO o.s.t.c.s.AbstractTestContextBootstrapper [main] Using TestExecutionListeners: [org.springframework.test.context.web.ServletTestExecutionListener@72220ba2, org.springframework.test.context.support.DirtiesContextBeforeModesTestExecutionListener@68960e7a, org.springframework.boot.test.mock.mockito.MockitoTestExecutionListener@72fcca2e, org.springframework.boot.test.autoconfigure.SpringBootDependencyInjectionTestExecutionListener@3ab94dfa, org.springframework.test.context.support.DirtiesContextTestExecutionListener@58a42e14, org.springframework.test.context.event.EventPublishingTestExecutionListener@191ea4, org.springframework.boot.test.mock.mockito.ResetMocksTestExecutionListener@14a00933, org.springframework.boot.test.autoconfigure.restdocs.RestDocsTestExecutionListener@648640c0, org.springframework.boot.test.autoconfigure.web.client.MockRestServiceServerResetTestExecutionListener@1d2b06ca, org.springframework.boot.test.autoconfigure.web.servlet.MockMvcPrintOnlyOnFailureTestExecutionListener@550fc7f5, org.springframework.boot.test.autoconfigure.web.servlet.WebDriverTestExecutionListener@41f2b5f6]
2020-04-10 12:20:55,822 INFO c.s.p.s.DataServiceImpl [main] loadData : debut / filename /  pathFile : /data_test.json/data_test.json
2020-04-10 12:20:55,822 INFO c.s.p.s.DataServiceImpl [main] loadData / persons:23 / firestations:13 / medicalrecords:23
2020-04-10 12:20:55,822 INFO c.s.p.s.DataServiceImpl [main] loadData / personDao:23 / fireStationDao:13 / medicalRecordDao:23
2020-04-10 12:20:55,838 INFO c.s.p.s.DataServiceImpl [main] loadData : debut / filename /  pathFile : /data_test.json/data_test.json
2020-04-10 12:20:55,838 INFO c.s.p.s.DataServiceImpl [main] loadData / persons:23 / firestations:13 / medicalrecords:23
2020-04-10 12:20:55,838 INFO c.s.p.s.DataServiceImpl [main] loadData / personDao:23 / fireStationDao:13 / medicalRecordDao:23
2020-04-10 12:20:55,853 INFO c.s.p.s.DataServiceImpl [main] loadData : debut / filename /  pathFile : /data_test.json/data_test.json
2020-04-10 12:20:55,853 INFO c.s.p.s.DataServiceImpl [main] loadData / persons:23 / firestations:13 / medicalrecords:23
2020-04-10 12:20:55,853 INFO c.s.p.s.DataServiceImpl [main] loadData / personDao:23 / fireStationDao:13 / medicalRecordDao:23
2020-04-10 12:20:55,853 INFO c.s.p.s.DataServiceImpl [main] loadData : debut / filename /  pathFile : /data_test.json/data_test.json
2020-04-10 12:20:55,853 INFO c.s.p.s.DataServiceImpl [main] loadData / persons:23 / firestations:13 / medicalrecords:23
2020-04-10 12:20:55,853 INFO c.s.p.s.DataServiceImpl [main] loadData / personDao:23 / fireStationDao:13 / medicalRecordDao:23
2020-04-10 12:20:55,853 INFO c.s.p.s.MainServiceImpl [main] floodStations : Households & Persons infos for a firestations list
2020-04-10 12:20:56,255 INFO o.s.t.c.s.AbstractTestContextBootstrapper [main] Neither @ContextConfiguration nor @ContextHierarchy found for test class [com.safetynet.p5_alerts.service.MainServiceTest], using DelegatingSmartContextLoader
2020-04-10 12:20:56,270 INFO o.s.t.c.s.AbstractContextLoader [main] Could not detect default resource locations for test class [com.safetynet.p5_alerts.service.MainServiceTest]: no resource found for suffixes {-context.xml, Context.groovy}.
2020-04-10 12:20:56,270 INFO o.s.t.c.s.AbstractDelegatingSmartContextLoader [main] AnnotationConfigContextLoader detected default configuration classes for context configuration [ContextConfigurationAttributes@5c545e45 declaringClass = 'com.safetynet.p5_alerts.service.MainServiceTest', classes = '{class com.safetynet.p5_alerts.service.MainServiceTest$MainServiceTestsContextConfiguration}', locations = '{}', inheritLocations = false, initializers = '{}', inheritInitializers = true, name = [null], contextLoaderClass = 'org.springframework.test.context.ContextLoader'].
2020-04-10 12:20:56,286 INFO o.s.t.c.s.AbstractTestContextBootstrapper [main] Loaded default TestExecutionListener class names from location [META-INF/spring.factories]: [org.springframework.boot.test.mock.mockito.MockitoTestExecutionListener, org.springframework.boot.test.mock.mockito.ResetMocksTestExecutionListener, org.springframework.boot.test.autoconfigure.restdocs.RestDocsTestExecutionListener, org.springframework.boot.test.autoconfigure.web.client.MockRestServiceServerResetTestExecutionListener, org.springframework.boot.test.autoconfigure.web.servlet.MockMvcPrintOnlyOnFailureTestExecutionListener, org.springframework.boot.test.autoconfigure.web.servlet.WebDriverTestExecutionListener, org.springframework.test.context.web.ServletTestExecutionListener, org.springframework.test.context.support.DirtiesContextBeforeModesTestExecutionListener, org.springframework.test.context.support.DependencyInjectionTestExecutionListener, org.springframework.test.context.support.DirtiesContextTestExecutionListener, org.springframework.test.context.transaction.TransactionalTestExecutionListener, org.springframework.test.context.jdbc.SqlScriptsTestExecutionListener, org.springframework.test.context.event.EventPublishingTestExecutionListener]
2020-04-10 12:20:56,286 INFO o.s.t.c.s.AbstractTestContextBootstrapper [main] Using TestExecutionListeners: [org.springframework.test.context.web.ServletTestExecutionListener@2c29c0dc, org.springframework.test.context.support.DirtiesContextBeforeModesTestExecutionListener@5439d63f, org.springframework.boot.test.mock.mockito.MockitoTestExecutionListener@2fe52917, org.springframework.test.context.support.DependencyInjectionTestExecutionListener@10a99201, org.springframework.test.context.support.DirtiesContextTestExecutionListener@72e48fe8, org.springframework.test.context.event.EventPublishingTestExecutionListener@68f637a5, org.springframework.boot.test.mock.mockito.ResetMocksTestExecutionListener@6edd063d, org.springframework.boot.test.autoconfigure.restdocs.RestDocsTestExecutionListener@3238b87d, org.springframework.boot.test.autoconfigure.web.client.MockRestServiceServerResetTestExecutionListener@6475ea1d, org.springframework.boot.test.autoconfigure.web.servlet.MockMvcPrintOnlyOnFailureTestExecutionListener@3de7a229, org.springframework.boot.test.autoconfigure.web.servlet.WebDriverTestExecutionListener@3b0da746]
2020-04-10 12:20:57,555 INFO o.s.t.c.s.AbstractContextLoader [main] Could not detect default resource locations for test class [com.safetynet.p5_alerts.service.MedicalRecordServiceIntgTest]: no resource found for suffixes {-context.xml, Context.groovy}.
2020-04-10 12:20:57,555 INFO o.s.t.c.s.AnnotationConfigContextLoaderUtils [main] Could not detect default configuration classes for test class [com.safetynet.p5_alerts.service.MedicalRecordServiceIntgTest]: MedicalRecordServiceIntgTest does not declare any static, non-private, non-final, nested classes annotated with @Configuration.
2020-04-10 12:20:57,555 INFO o.s.b.t.c.SpringBootTestContextBootstrapper [main] Found @SpringBootConfiguration com.safetynet.p5_alerts.P5AlertsApplication for test class com.safetynet.p5_alerts.service.MedicalRecordServiceIntgTest
2020-04-10 12:20:57,571 INFO o.s.t.c.s.AbstractTestContextBootstrapper [main] Loaded default TestExecutionListener class names from location [META-INF/spring.factories]: [org.springframework.boot.test.mock.mockito.MockitoTestExecutionListener, org.springframework.boot.test.mock.mockito.ResetMocksTestExecutionListener, org.springframework.boot.test.autoconfigure.restdocs.RestDocsTestExecutionListener, org.springframework.boot.test.autoconfigure.web.client.MockRestServiceServerResetTestExecutionListener, org.springframework.boot.test.autoconfigure.web.servlet.MockMvcPrintOnlyOnFailureTestExecutionListener, org.springframework.boot.test.autoconfigure.web.servlet.WebDriverTestExecutionListener, org.springframework.test.context.web.ServletTestExecutionListener, org.springframework.test.context.support.DirtiesContextBeforeModesTestExecutionListener, org.springframework.test.context.support.DependencyInjectionTestExecutionListener, org.springframework.test.context.support.DirtiesContextTestExecutionListener, org.springframework.test.context.transaction.TransactionalTestExecutionListener, org.springframework.test.context.jdbc.SqlScriptsTestExecutionListener, org.springframework.test.context.event.EventPublishingTestExecutionListener]
2020-04-10 12:20:57,571 INFO o.s.t.c.s.AbstractTestContextBootstrapper [main] Using TestExecutionListeners: [org.springframework.test.context.web.ServletTestExecutionListener@6e6488a3, org.springframework.test.context.support.DirtiesContextBeforeModesTestExecutionListener@4ddd5d9f, org.springframework.boot.test.mock.mockito.MockitoTestExecutionListener@3b11b93c, org.springframework.boot.test.autoconfigure.SpringBootDependencyInjectionTestExecutionListener@dc9cdeb, org.springframework.test.context.support.DirtiesContextTestExecutionListener@47a27d61, org.springframework.test.context.event.EventPublishingTestExecutionListener@60b4e1af, org.springframework.boot.test.mock.mockito.ResetMocksTestExecutionListener@56da6cdc, org.springframework.boot.test.autoconfigure.restdocs.RestDocsTestExecutionListener@153f4579, org.springframework.boot.test.autoconfigure.web.client.MockRestServiceServerResetTestExecutionListener@41226bca, org.springframework.boot.test.autoconfigure.web.servlet.MockMvcPrintOnlyOnFailureTestExecutionListener@65c53d8, org.springframework.boot.test.autoconfigure.web.servlet.WebDriverTestExecutionListener@3e56343]
2020-04-10 12:20:57,602 INFO o.s.t.c.s.AbstractContextLoader [main] Could not detect default resource locations for test class [com.safetynet.p5_alerts.service.PersonServiceIntgTest]: no resource found for suffixes {-context.xml, Context.groovy}.
2020-04-10 12:20:57,602 INFO o.s.t.c.s.AnnotationConfigContextLoaderUtils [main] Could not detect default configuration classes for test class [com.safetynet.p5_alerts.service.PersonServiceIntgTest]: PersonServiceIntgTest does not declare any static, non-private, non-final, nested classes annotated with @Configuration.
2020-04-10 12:20:57,602 INFO o.s.b.t.c.SpringBootTestContextBootstrapper [main] Found @SpringBootConfiguration com.safetynet.p5_alerts.P5AlertsApplication for test class com.safetynet.p5_alerts.service.PersonServiceIntgTest
2020-04-10 12:20:57,602 INFO o.s.t.c.s.AbstractTestContextBootstrapper [main] Loaded default TestExecutionListener class names from location [META-INF/spring.factories]: [org.springframework.boot.test.mock.mockito.MockitoTestExecutionListener, org.springframework.boot.test.mock.mockito.ResetMocksTestExecutionListener, org.springframework.boot.test.autoconfigure.restdocs.RestDocsTestExecutionListener, org.springframework.boot.test.autoconfigure.web.client.MockRestServiceServerResetTestExecutionListener, org.springframework.boot.test.autoconfigure.web.servlet.MockMvcPrintOnlyOnFailureTestExecutionListener, org.springframework.boot.test.autoconfigure.web.servlet.WebDriverTestExecutionListener, org.springframework.test.context.web.ServletTestExecutionListener, org.springframework.test.context.support.DirtiesContextBeforeModesTestExecutionListener, org.springframework.test.context.support.DependencyInjectionTestExecutionListener, org.springframework.test.context.support.DirtiesContextTestExecutionListener, org.springframework.test.context.transaction.TransactionalTestExecutionListener, org.springframework.test.context.jdbc.SqlScriptsTestExecutionListener, org.springframework.test.context.event.EventPublishingTestExecutionListener]
2020-04-10 12:20:57,602 INFO o.s.t.c.s.AbstractTestContextBootstrapper [main] Using TestExecutionListeners: [org.springframework.test.context.web.ServletTestExecutionListener@3e30b0a9, org.springframework.test.context.support.DirtiesContextBeforeModesTestExecutionListener@5a16f624, org.springframework.boot.test.mock.mockito.MockitoTestExecutionListener@72c1795e, org.springframework.boot.test.autoconfigure.SpringBootDependencyInjectionTestExecutionListener@69129d6f, org.springframework.test.context.support.DirtiesContextTestExecutionListener@529ccd1c, org.springframework.test.context.event.EventPublishingTestExecutionListener@3fd6a6bd, org.springframework.boot.test.mock.mockito.ResetMocksTestExecutionListener@46a42390, org.springframework.boot.test.autoconfigure.restdocs.RestDocsTestExecutionListener@3b2037ce, org.springframework.boot.test.autoconfigure.web.client.MockRestServiceServerResetTestExecutionListener@fe0e99b, org.springframework.boot.test.autoconfigure.web.servlet.MockMvcPrintOnlyOnFailureTestExecutionListener@5894594, org.springframework.boot.test.autoconfigure.web.servlet.WebDriverTestExecutionListener@62564e16]
2020-04-10 12:20:57,729 INFO o.s.s.c.ExecutorConfigurationSupport [SpringContextShutdownHook] Shutting down ExecutorService 'applicationTaskExecutor'
2020-04-10 12:20:57,786 INFO o.s.s.c.ExecutorConfigurationSupport [SpringContextShutdownHook] Shutting down ExecutorService 'applicationTaskExecutor'
